025-04-20 17:50:23,707 - RJMart - INFO - О©╫ц╩О©╫ 18598594216 О©╫О©╫б╪О©╫и╧О©╫
2025-04-20 17:50:36,251 - RJMart - INFO - О©╫О©╫О©╫з╥О©╫н╖О©╫О©╫О©╫цЁи╧О©╫: 2020-01-01 О©╫О©╫ 2025-04-19
2025-04-20 17:50:47,392 - RJMart - ERROR - О©╫О©╫О©╫О©╫О©╫О©╫О©╫О©╫й╖О©╫О©╫: 
ц╩О©╫О©╫О©╫р╣О©╫т╙О©╫ь║О©╫
О©╫О©╫О©╫О©╫: ele()
О©╫О©╫О©╫О©╫: {'locator': 'xpath://span[@class="ZenSelect-item-text " and text()="О©╫О©╫О©╫О©╫О©╫О©╫о╦"]', 'index': 1, 'timeout': 10}
О©╫Ф╠╬: 4.1.0.18
2025-04-20 17:50:47,470 - RJMart - INFO - О©╫О©╫О©╫О©╫О©╫О©╫я╧ь╠О©╫
2025-04-20 17:51:47,593 - RJMart - INFO - О©╫ц╩О©╫ 18598594216 О©╫О©╫б╪О©╫и╧О©╫
2025-04-20 17:51:59,926 - RJMart - INFO - О©╫О©╫О©╫з╥О©╫н╖О©╫О©╫О©╫цЁи╧О©╫: 2020-01-01 О©╫О©╫ 2025-04-19
2025-04-20 17:52:11,067 - RJMart - ERROR - О©╫О©╫О©╫О©╫О©╫О©╫О©╫О©╫й╖О©╫О©╫: 
ц╩О©╫О©╫О©╫р╣О©╫т╙О©╫ь║О©╫
О©╫О©╫О©╫О©╫: ele()
О©╫О©╫О©╫О©╫: {'locator': 'xpath://span[@class="ZenSelect-item-text " and text()="О©╫О©╫О©╫О©╫О©╫О©╫о╦"]', 'index': 1, 'timeout': 10}
О©╫Ф╠╬: 4.1.0.18
2025-04-20 17:52:12,102 - RJMart - INFO - О©╫О©╫О©╫О©╫О©╫О©╫я╧ь╠О©╫
2025-04-20 17:56:18,234 - RJMart - INFO - сц╩╖ 18598594216 ╣гб╪Ёи╧╕
2025-04-20 17:56:30,584 - RJMart - INFO - хуфз╥╤н╖иХжцЁи╧╕: 2020-01-01 жа 2025-04-19
2025-04-20 17:56:41,721 - RJMart - ERROR - ╣╪ЁЖйЩ╬щй╖╟э: 
ц╩спур╣╫т╙кь║ё
╥╫╥╗: ele()
╡нйЩ: {'locator': 'xpath://span[@class="ZenSelect-item-text " and text()="╤╘╣╔цВо╦"]', 'index': 1, 'timeout': 10}
╟Ф╠╬: 4.1.0.18
2025-04-20 17:56:42,763 - RJMart - INFO - Д╞ююфВря╧ь╠у
2025-04-20 17:57:12,833 - RJMart - INFO - сц╩╖ 18598594216 ╣гб╪Ёи╧╕
2025-04-20 17:57:25,175 - RJMart - INFO - хуфз╥╤н╖иХжцЁи╧╕: 2020-01-01 жа 2025-04-19
2025-04-20 17:57:36,315 - RJMart - ERROR - ╣╪ЁЖйЩ╬щй╖╟э: 
ц╩спур╣╫т╙кь║ё
╥╫╥╗: ele()
╡нйЩ: {'locator': 'xpath://span[@class="ZenSelect-item-text " and text()="╤╘╣╔цВо╦"]', 'index': 1, 'timeout': 10}
╟Ф╠╬: 4.1.0.18
2025-04-20 17:58:44,965 - RJMart - INFO - сц╩╖ 18598594216 ╣гб╪Ёи╧╕
2025-04-20 17:58:44,965 - RJMart - ERROR - иХжцхуфз╥╤н╖й╖╟э: 
сКрЁцФ╣да╛╫сря╤о©╙║ё
╟Ф╠╬: 4.1.0.18
2025-04-20 17:58:59,056 - RJMart - INFO - сц╩╖ 18598594216 ╣гб╪Ёи╧╕
2025-04-20 17:59:11,447 - RJMart - INFO - хуфз╥╤н╖иХжцЁи╧╕: 2020-01-01 жа 2025-04-19
2025-04-20 17:59:22,998 - RJMart - INFO - ╧╡сп2╦ЖобтьоН
2025-04-20 17:59:24,229 - RJMart - INFO - ряобть: илф╥цВо╦-20250420175812
2025-04-20 17:59:25,465 - RJMart - INFO - ряобть: ╤╘╣╔цВо╦-20250420175809
2025-04-20 17:59:26,695 - RJMart - INFO - ряи╬ЁЩ: ╤╘╣╔цВо╦-20250420175809
2025-04-20 17:59:27,954 - RJMart - INFO - ряи╬ЁЩ: илф╥цВо╦-20250420175812
2025-04-20 17:59:27,955 - RJMart - INFO - кЫспйЩ╬щ╣╪ЁЖмЙЁи
2025-04-20 18:02:40,553 - RJMart - INFO - ╧╡╥╒ож 2 ╦Жук╩╖пХр╙╢╕юМ
2025-04-20 18:02:40,553 - RJMart - INFO - ©╙й╪╢╕юМсц╩╖ сц╩╖1 ╣дйЩ╬щ╣╪ЁЖ
2025-04-20 18:02:46,642 - RJMart - INFO - сц╩╖ 18598594216 ╣гб╪Ёи╧╕
2025-04-20 18:02:58,993 - RJMart - INFO - хуфз╥╤н╖иХжцЁи╧╕: 2020-01-01 жа 2025-04-19
2025-04-20 18:03:10,523 - RJMart - INFO - ╧╡сп2╦ЖобтьоН
2025-04-20 18:03:11,768 - RJMart - INFO - ряобть: илф╥цВо╦-20250420180200
2025-04-20 18:03:13,015 - RJMart - INFO - ряобть: ╤╘╣╔цВо╦-20250420180156
2025-04-20 18:03:14,249 - RJMart - INFO - ряи╬ЁЩ: ╤╘╣╔цВо╦-20250420180156
2025-04-20 18:03:15,491 - RJMart - INFO - ряи╬ЁЩ: илф╥цВо╦-20250420180200
2025-04-20 18:03:15,491 - RJMart - INFO - кЫспйЩ╬щ╣╪ЁЖмЙЁи
2025-04-20 18:03:15,491 - RJMart - INFO - сц╩╖ сц╩╖1 йЩ╬щ╣╪ЁЖЁи╧╕
2025-04-20 18:03:16,536 - RJMart - INFO - Д╞ююфВря╧ь╠у
2025-04-20 18:03:18,537 - RJMart - INFO - ©╙й╪╢╕юМсц╩╖ сц╩╖2 ╣дйЩ╬щ╣╪ЁЖ
2025-04-20 18:03:24,716 - RJMart - INFO - сц╩╖ 15295739828 ╣гб╪Ёи╧╕
2025-04-20 18:03:28,256 - RJMart - ERROR - иХжцхуфз╥╤н╖й╖╟э: н╢ур╣╫хуфзйДхК©Р
2025-04-20 18:03:29,303 - RJMart - INFO - Д╞ююфВря╧ь╠у
2025-04-20 18:03:31,303 - RJMart - INFO - ╢╕юМмЙЁи: Ёи╧╕ 1 ╦Ж, й╖╟э 1 ╦Ж
2025-04-20 18:04:40,648 - RJMart - INFO - ╧╡╥╒ож 2 ╦Жук╩╖пХр╙╢╕юМ
2025-04-20 18:04:41,554 - RJMart - INFO - Д╞ююфВря╧ь╠у
2025-04-20 18:04:41,554 - RJMart - INFO - Д╞ююфВря╧ь╠у
2025-04-20 18:04:41,554 - RJMart - ERROR - ЁлпРж╢ппЁЖ╢М: 'Chromium' object has no attribute 'set_download_path'
2025-04-20 18:06:31,829 - RJMart - INFO - ╧╡╥╒ож 2 ╦Жук╩╖пХр╙╢╕юМ
2025-04-20 18:06:33,749 - RJMart - INFO - Д╞ююфВря╧ь╠у
2025-04-20 18:06:33,749 - RJMart - INFO - Д╞ююфВря╧ь╠у
2025-04-20 18:06:33,749 - RJMart - ERROR - ЁлпРж╢ппЁЖ╢М: 'Chromium' object has no attribute 'set_download_path'
2025-04-20 18:08:00,277 - RJMart - INFO - ╧╡╥╒ож 2 ╦Жук╩╖пХр╙╢╕юМ
2025-04-20 18:08:01,165 - RJMart - INFO - ©╙й╪╢╕юМсц╩╖ сц╩╖1 ╣дйЩ╬щ╣╪ЁЖ
2025-04-20 18:08:06,484 - RJMart - INFO - сц╩╖ 18598594216 ╣гб╪Ёи╧╕
2025-04-20 18:08:18,951 - RJMart - INFO - хуфз╥╤н╖иХжцЁи╧╕: 2020-01-01 жа 2025-04-19
2025-04-20 18:08:30,475 - RJMart - INFO - ╧╡сп2╦ЖобтьоН
2025-04-20 18:08:31,715 - RJMart - INFO - ряобть: илф╥цВо╦-20250420180720
2025-04-20 18:08:32,966 - RJMart - INFO - ряобть: ╤╘╣╔цВо╦-20250420180716
2025-04-20 18:08:34,209 - RJMart - INFO - ряи╬ЁЩ: ╤╘╣╔цВо╦-20250420180716
2025-04-20 18:08:35,447 - RJMart - INFO - ряи╬ЁЩ: илф╥цВо╦-20250420180720
2025-04-20 18:08:35,447 - RJMart - INFO - кЫспйЩ╬щ╣╪ЁЖмЙЁи
2025-04-20 18:08:35,447 - RJMart - INFO - сц╩╖ сц╩╖1 йЩ╬щ╣╪ЁЖЁи╧╕
2025-04-20 18:08:37,449 - RJMart - INFO - ©╙й╪╢╕юМсц╩╖ сц╩╖2 ╣дйЩ╬щ╣╪ЁЖ
2025-04-20 18:08:42,798 - RJMart - INFO - сц╩╖ 15295739828 ╣гб╪Ёи╧╕
2025-04-20 18:08:55,139 - RJMart - INFO - хуфз╥╤н╖иХжцЁи╧╕: 2020-01-01 жа 2025-04-19
2025-04-20 18:09:06,681 - RJMart - INFO - ╧╡сп2╦ЖобтьоН
2025-04-20 18:09:07,925 - RJMart - INFO - ряобть: илф╥цВо╦-20250420180756
2025-04-20 18:09:09,171 - RJMart - INFO - ряобть: ╤╘╣╔цВо╦-20250420180752
2025-04-20 18:09:10,407 - RJMart - INFO - ряи╬ЁЩ: ╤╘╣╔цВо╦-20250420180752
2025-04-20 18:09:11,649 - RJMart - INFO - ряи╬ЁЩ: илф╥цВо╦-20250420180756
2025-04-20 18:09:11,651 - RJMart - INFO - кЫспйЩ╬щ╣╪ЁЖмЙЁи
2025-04-20 18:09:11,651 - RJMart - INFO - сц╩╖ сц╩╖2 йЩ╬щ╣╪ЁЖЁи╧╕
2025-04-20 18:09:13,652 - RJMart - INFO - ╢╕юМмЙЁи: Ёи╧╕ 2 ╦Ж, й╖╟э 0 ╦Ж
2025-04-20 18:09:14,712 - RJMart - INFO - Д╞ююфВря╧ь╠у
2025-04-20 18:09:14,712 - RJMart - INFO - Д╞ююфВря╧ь╠у
2025-04-20 18:12:18,971 - RJMart - INFO - ╧╡╥╒ож 2 ╦Жук╩╖пХр╙╢╕юМ
2025-04-20 18:12:19,881 - RJMart - INFO - ©╙й╪╢╕юМсц╩╖ сц╩╖1 ╣дйЩ╬щ╣╪ЁЖ
2025-04-20 18:12:26,708 - RJMart - INFO - сц╩╖ 18598594216 ╣гб╪Ёи╧╕
2025-04-20 18:12:44,055 - RJMart - INFO - хуфз╥╤н╖иХжцЁи╧╕: 2020-01-01 жа 2025-04-19
2025-04-20 18:12:55,690 - RJMart - INFO - ╧╡сп2╦ЖобтьоН
2025-04-20 18:12:56,929 - RJMart - INFO - ряобть: илф╥цВо╦-20250420181145
2025-04-20 18:12:58,172 - RJMart - INFO - ряобть: ╤╘╣╔цВо╦-20250420181141
2025-04-20 18:12:59,429 - RJMart - INFO - ряи╬ЁЩ: ╤╘╣╔цВо╦-20250420181141
2025-04-20 18:13:00,662 - RJMart - INFO - ряи╬ЁЩ: илф╥цВо╦-20250420181145
2025-04-20 18:13:00,662 - RJMart - INFO - кЫспйЩ╬щ╣╪ЁЖмЙЁи
2025-04-20 18:13:00,662 - RJMart - INFO - сц╩╖ сц╩╖1 йЩ╬щ╣╪ЁЖЁи╧╕
2025-04-20 18:13:02,666 - RJMart - INFO - ©╙й╪╢╕юМсц╩╖ сц╩╖2 ╣дйЩ╬щ╣╪ЁЖ
2025-04-20 18:13:08,096 - RJMart - INFO - сц╩╖ 15295739828 ╣гб╪Ёи╧╕
2025-04-20 18:13:25,432 - RJMart - INFO - хуфз╥╤н╖иХжцЁи╧╕: 2020-01-01 жа 2025-04-19
2025-04-20 18:13:44,439 - RJMart - ERROR - ╣╪ЁЖйЩ╬щй╖╟э: list index out of range
2025-04-20 18:13:46,440 - RJMart - INFO - ╢╕юМмЙЁи: Ёи╧╕ 1 ╦Ж, й╖╟э 1 ╦Ж
2025-04-20 18:13:47,524 - RJMart - INFO - Д╞ююфВря╧ь╠у
2025-04-20 18:13:47,524 - RJMart - INFO - Д╞ююфВря╧ь╠у
2025-04-20 18:24:29,925 - RJMart - INFO - ╧╡╥╒ож 2 ╦Жук╩╖пХр╙╢╕юМ
2025-04-20 18:24:30,834 - RJMart - INFO - ©╙й╪╢╕юМсц╩╖ сц╩╖1 ╣дйЩ╬щ╣╪ЁЖ
2025-04-20 18:24:37,697 - RJMart - INFO - сц╩╖ 18598594216 ╣гб╪Ёи╧╕
2025-04-20 18:24:42,253 - RJMart - ERROR - иХжцхуфз╥╤н╖й╖╟э: н╢ур╣╫©╙й╪хуфзйДхК©Р
2025-04-20 18:24:44,255 - RJMart - INFO - ©╙й╪╢╕юМсц╩╖ сц╩╖2 ╣дйЩ╬щ╣╪ЁЖ
2025-04-20 18:24:44,277 - RJMart - INFO - ря╧ь╠уиор╩╦Жсц╩╖╣д╠Йг╘рЁ
2025-04-20 18:24:49,192 - RJMart - INFO - сц╩╖ 15295739828 ╣гб╪Ёи╧╕
2025-04-20 18:25:06,542 - RJMart - INFO - хуфз╥╤н╖иХжцЁи╧╕: 2020-01-01 жа 2025-04-19
2025-04-20 18:25:18,116 - RJMart - INFO - ╧╡сп3╦ЖобтьоН
2025-04-20 18:25:18,118 - RJMart - ERROR - ╣╪ЁЖйЩ╬щй╖╟э: name 'account' is not defined
2025-04-20 18:25:20,119 - RJMart - INFO - ╢╕юМмЙЁи: Ёи╧╕ 0 ╦Ж, й╖╟э 2 ╦Ж
2025-04-20 18:25:21,177 - RJMart - INFO - Д╞ююфВря╧ь╠у
2025-04-20 18:25:21,177 - RJMart - INFO - Д╞ююфВря╧ь╠у
2025-04-20 18:27:27,170 - RJMart - INFO - ╧╡╥╒ож 2 ╦Жук╩╖пХр╙╢╕юМ
2025-04-20 18:27:28,063 - RJMart - INFO - ©╙й╪╢╕юМсц╩╖ сц╩╖1 ╣дйЩ╬щ╣╪ЁЖ
2025-04-20 18:27:34,800 - RJMart - INFO - сц╩╖ 18598594216 ╣гб╪Ёи╧╕
2025-04-20 18:27:52,134 - RJMart - INFO - хуфз╥╤н╖иХжцЁи╧╕: 2020-01-01 жа 2025-04-19
2025-04-20 18:28:03,697 - RJMart - INFO - ╧╡сп2╦ЖобтьоН
2025-04-20 18:28:04,934 - RJMart - INFO - ряобть: илф╥цВо╦-20250420182653
2025-04-20 18:28:06,176 - RJMart - INFO - ряобть: ╤╘╣╔цВо╦-20250420182649
2025-04-20 18:28:07,411 - RJMart - INFO - ряи╬ЁЩ: ╤╘╣╔цВо╦-20250420182649
2025-04-20 18:28:08,643 - RJMart - INFO - ряи╬ЁЩ: илф╥цВо╦-20250420182653
2025-04-20 18:28:08,643 - RJMart - INFO - кЫспйЩ╬щ╣╪ЁЖмЙЁи
2025-04-20 18:28:08,643 - RJMart - INFO - сц╩╖ сц╩╖1 йЩ╬щ╣╪ЁЖЁи╧╕
2025-04-20 18:28:10,651 - RJMart - INFO - ©╙й╪╢╕юМсц╩╖ сц╩╖2 ╣дйЩ╬щ╣╪ЁЖ
2025-04-20 18:28:10,695 - RJMart - INFO - ря╧ь╠уиор╩╦Жсц╩╖╣д╠Йг╘рЁ
2025-04-20 18:28:16,933 - RJMart - INFO - сц╩╖ 15295739828 ╣гб╪Ёи╧╕
2025-04-20 18:28:34,285 - RJMart - INFO - хуфз╥╤н╖иХжцЁи╧╕: 2020-01-01 жа 2025-04-19
2025-04-20 18:28:45,841 - RJMart - INFO - ╧╡сп5╦ЖобтьоН
2025-04-20 18:28:47,097 - RJMart - INFO - ряобть: илф╥цВо╦-20250420182735
2025-04-20 18:28:48,332 - RJMart - INFO - ряобть: ╤╘╣╔цВо╦-20250420182731
2025-04-20 18:28:49,588 - RJMart - INFO - ряи╬ЁЩ: ╤╘╣╔цВо╦-20250420181223
2025-04-20 18:28:50,879 - RJMart - INFO - ряи╬ЁЩ: ╤╘╣╔цВо╦-20250420182404
2025-04-20 18:28:52,126 - RJMart - INFO - ряи╬ЁЩ: илф╥цВо╦-20250420182407
2025-04-20 18:28:53,358 - RJMart - INFO - ряи╬ЁЩ: ╤╘╣╔цВо╦-20250420182731
2025-04-20 18:28:54,617 - RJMart - INFO - ряи╬ЁЩ: илф╥цВо╦-20250420182735
2025-04-20 18:28:54,617 - RJMart - INFO - кЫспйЩ╬щ╣╪ЁЖмЙЁи
2025-04-20 18:28:54,618 - RJMart - INFO - сц╩╖ сц╩╖2 йЩ╬щ╣╪ЁЖЁи╧╕
2025-04-20 18:28:56,619 - RJMart - INFO - ╢╕юМмЙЁи: Ёи╧╕ 2 ╦Ж, й╖╟э 0 ╦Ж
2025-04-20 18:28:57,690 - RJMart - INFO - Д╞ююфВря╧ь╠у
2025-04-20 18:28:57,690 - RJMart - INFO - Д╞ююфВря╧ь╠у
2025-04-20 18:32:37,238 - RJMart - INFO - ╧╡╥╒ож 2 ╦Жук╩╖пХр╙╢╕юМ
2025-04-20 18:32:38,132 - RJMart - INFO - ©╙й╪╢╕юМсц╩╖ сц╩╖1 ╣дйЩ╬щ╣╪ЁЖ
2025-04-20 18:32:45,156 - RJMart - INFO - сц╩╖ 18598594216 ╣гб╪Ёи╧╕
2025-04-20 18:33:02,488 - RJMart - INFO - хуфз╥╤н╖иХжцЁи╧╕: 2020-01-01 жа 2025-04-19
2025-04-20 18:33:18,451 - RJMart - INFO - ╧╡сп2╦ЖобтьоН
2025-04-20 18:33:19,695 - RJMart - INFO - ряобть: илф╥цВо╦-20250420183208
2025-04-20 18:33:20,935 - RJMart - INFO - ряобть: ╤╘╣╔цВо╦-20250420183200
2025-04-20 18:33:22,167 - RJMart - INFO - ряи╬ЁЩ: ╤╘╣╔цВо╦-20250420183200
2025-04-20 18:33:23,397 - RJMart - INFO - ряи╬ЁЩ: илф╥цВо╦-20250420183208
2025-04-20 18:33:23,397 - RJMart - INFO - кЫспйЩ╬щ╣╪ЁЖмЙЁи
2025-04-20 18:33:23,398 - RJMart - INFO - сц╩╖ сц╩╖1 йЩ╬щ╣╪ЁЖЁи╧╕
2025-04-20 18:33:24,441 - RJMart - INFO - Д╞ююфВря╧ь╠у
2025-04-20 18:33:27,307 - RJMart - INFO - ©╙й╪╢╕юМсц╩╖ сц╩╖2 ╣дйЩ╬щ╣╪ЁЖ
2025-04-20 18:33:32,471 - RJMart - INFO - сц╩╖ 15295739828 ╣гб╪Ёи╧╕
2025-04-20 18:33:49,807 - RJMart - INFO - хуфз╥╤н╖иХжцЁи╧╕: 2020-01-01 жа 2025-04-19
2025-04-20 18:34:01,361 - RJMart - INFO - ╧╡сп2╦ЖобтьоН
2025-04-20 18:34:02,593 - RJMart - INFO - ряобть: илф╥цВо╦-20250420183251
2025-04-20 18:34:03,834 - RJMart - INFO - ряобть: ╤╘╣╔цВо╦-20250420183247
2025-04-20 18:34:05,084 - RJMart - INFO - ряи╬ЁЩ: ╤╘╣╔цВо╦-20250420183247
2025-04-20 18:34:06,321 - RJMart - INFO - ряи╬ЁЩ: илф╥цВо╦-20250420183251
2025-04-20 18:34:06,321 - RJMart - INFO - кЫспйЩ╬щ╣╪ЁЖмЙЁи
2025-04-20 18:34:06,321 - RJMart - INFO - сц╩╖ сц╩╖2 йЩ╬щ╣╪ЁЖЁи╧╕
2025-04-20 18:34:07,403 - RJMart - INFO - Д╞ююфВря╧ь╠у
2025-04-20 18:34:09,404 - RJMart - INFO - ╢╕юМмЙЁи: Ёи╧╕ 2 ╦Ж, й╖╟э 0 ╦Ж
2025-04-20 18:41:58,482 - RJMart - INFO - ╧╡╥╒ож 2 ╦Жук╩╖пХр╙╢╕юМ
2025-04-20 18:41:59,345 - RJMart - INFO - ©╙й╪╢╕юМсц╩╖ сц╩╖1 ╣дйЩ╬щ╣╪ЁЖ
2025-04-20 18:42:06,154 - RJMart - INFO - сц╩╖ 18598594216 ╣гб╪Ёи╧╕
2025-04-20 18:42:23,476 - RJMart - INFO - хуфз╥╤н╖иХжцЁи╧╕: 2020-01-01 жа 2025-04-19
2025-04-20 18:42:35,037 - RJMart - INFO - ╧╡сп2╦ЖобтьоН
2025-04-20 18:42:36,686 - RJMart - INFO - ряобть: илф╥цВо╦_сц╩╖1
2025-04-20 18:42:38,086 - RJMart - INFO - ряобть: ╤╘╣╔цВо╦_сц╩╖1
2025-04-20 18:42:39,338 - RJMart - INFO - ряи╬ЁЩ: ╤╘╣╔цВо╦-20250420184121
2025-04-20 18:42:40,577 - RJMart - INFO - ряи╬ЁЩ: илф╥цВо╦-20250420184124
2025-04-20 18:42:40,577 - RJMart - INFO - кЫспйЩ╬щ╣╪ЁЖмЙЁи
2025-04-20 18:42:40,577 - RJMart - INFO - сц╩╖ сц╩╖1 йЩ╬щ╣╪ЁЖЁи╧╕
2025-04-20 18:42:41,638 - RJMart - INFO - Д╞ююфВря╧ь╠у
2025-04-20 18:42:44,488 - RJMart - INFO - ©╙й╪╢╕юМсц╩╖ сц╩╖2 ╣дйЩ╬щ╣╪ЁЖ
2025-04-20 18:42:51,199 - RJMart - INFO - сц╩╖ 15295739828 ╣гб╪Ёи╧╕
2025-04-20 18:43:08,533 - RJMart - INFO - хуфз╥╤н╖иХжцЁи╧╕: 2020-01-01 жа 2025-04-19
2025-04-20 18:43:20,087 - RJMart - INFO - ╧╡сп2╦ЖобтьоН
2025-04-20 18:43:21,742 - RJMart - INFO - ряобть: илф╥цВо╦_сц╩╖2
2025-04-20 18:43:23,151 - RJMart - INFO - ряобть: ╤╘╣╔цВо╦_сц╩╖2
2025-04-20 18:43:24,392 - RJMart - INFO - ряи╬ЁЩ: ╤╘╣╔цВо╦-20250420184206
2025-04-20 18:43:25,621 - RJMart - INFO - ряи╬ЁЩ: илф╥цВо╦-20250420184209
2025-04-20 18:43:25,622 - RJMart - INFO - кЫспйЩ╬щ╣╪ЁЖмЙЁи
2025-04-20 18:43:25,622 - RJMart - INFO - сц╩╖ сц╩╖2 йЩ╬щ╣╪ЁЖЁи╧╕
2025-04-20 18:43:26,706 - RJMart - INFO - Д╞ююфВря╧ь╠у
2025-04-20 18:43:28,706 - RJMart - INFO - ╢╕юМмЙЁи: Ёи╧╕ 2 ╦Ж, й╖╟э 0 ╦Ж
2025-04-20 18:46:04,220 - RJMart - INFO - ╧╡╥╒ож 2 ╦Жук╩╖пХр╙╢╕юМ
2025-04-20 18:46:05,083 - RJMart - INFO - ©╙й╪╢╕юМсц╩╖ сц╩╖1 ╣дйЩ╬щ╣╪ЁЖ
2025-04-20 18:46:11,797 - RJMart - INFO - сц╩╖ 18598594216 ╣гб╪Ёи╧╕
2025-04-20 18:46:29,111 - RJMart - INFO - хуфз╥╤н╖иХжцЁи╧╕: 2020-01-01 жа 2025-04-19
2025-04-20 18:46:40,650 - RJMart - INFO - ╧╡сп2╦ЖобтьоН
2025-04-20 18:46:42,300 - RJMart - INFO - ряобть: илф╥цВо╦_сц╩╖1
2025-04-20 18:46:43,699 - RJMart - INFO - ряобть: ╤╘╣╔цВо╦_сц╩╖1
2025-04-20 18:46:44,927 - RJMart - INFO - ряи╬ЁЩ: ╤╘╣╔цВо╦-20250420184526
2025-04-20 18:46:46,154 - RJMart - INFO - ряи╬ЁЩ: илф╥цВо╦-20250420184530
2025-04-20 18:46:46,154 - RJMart - INFO - кЫспйЩ╬щ╣╪ЁЖмЙЁи
2025-04-20 18:46:46,155 - RJMart - INFO - сц╩╖ сц╩╖1 йЩ╬щ╣╪ЁЖЁи╧╕
2025-04-20 18:46:46,155 - RJMart - INFO - Д╞ююфВря╧ь╠у
2025-04-20 18:46:48,174 - RJMart - INFO - ©╙й╪╢╕юМсц╩╖ сц╩╖2 ╣дйЩ╬щ╣╪ЁЖ
2025-04-20 18:46:53,694 - RJMart - INFO - сц╩╖ 15295739828 ╣гб╪Ёи╧╕
2025-04-20 18:47:11,031 - RJMart - INFO - хуфз╥╤н╖иХжцЁи╧╕: 2020-01-01 жа 2025-04-19
2025-04-20 18:47:22,663 - RJMart - INFO - ╧╡сп2╦ЖобтьоН
2025-04-20 18:47:24,386 - RJMart - INFO - ряобть: илф╥цВо╦_сц╩╖2
2025-04-20 18:47:25,884 - RJMart - INFO - ряобть: ╤╘╣╔цВо╦_сц╩╖2
2025-04-20 18:47:27,179 - RJMart - INFO - ряи╬ЁЩ: ╤╘╣╔цВо╦-20250420184608
2025-04-20 18:47:28,426 - RJMart - INFO - ряи╬ЁЩ: илф╥цВо╦-20250420184612
2025-04-20 18:47:28,426 - RJMart - INFO - кЫспйЩ╬щ╣╪ЁЖмЙЁи
2025-04-20 18:47:28,426 - RJMart - INFO - сц╩╖ сц╩╖2 йЩ╬щ╣╪ЁЖЁи╧╕
2025-04-20 18:47:28,427 - RJMart - INFO - Д╞ююфВря╧ь╠у
2025-04-20 18:47:30,427 - RJMart - INFO - ╢╕юМмЙЁи: Ёи╧╕ 2 ╦Ж, й╖╟э 0 ╦Ж
2025-04-20 18:50:00,389 - __main__ - INFO - ©╙й╪╢╕юМсц╩╖ сц╩╖1 ╣дйЩ╬щ╣╪ЁЖ
2025-04-20 18:50:05,733 - __main__ - INFO - сц╩╖ 18598594216 ╣гб╪Ёи╧╕
2025-04-20 18:50:23,066 - __main__ - INFO - хуфз╥╤н╖иХжцЁи╧╕: 2020-01-01 жа 2025-04-19
2025-04-20 18:50:23,066 - __main__ - INFO - ©╙й╪╣╪ЁЖ ╣╪ЁЖ╤╘╣╔цВо╦
2025-04-20 18:50:23,080 - __main__ - INFO - ур╣╫╣╪ЁЖ╟╢е╔
2025-04-20 18:50:25,187 - __main__ - INFO - пЭмётз╣╪ЁЖ╟╢е╔ио
2025-04-20 18:50:25,224 - __main__ - INFO - ур╣╫╣╪ЁЖ╤╘╣╔цВо╦я║оН
2025-04-20 18:50:27,458 - __main__ - INFO - ╣Ц╩Вак╣╪ЁЖ╤╘╣╔цВо╦я║оН
2025-04-20 18:50:30,715 - __main__ - INFO - мЙЁи╣╪ЁЖ╤╘╣╔цВо╦╣╪ЁЖ
2025-04-20 18:50:30,716 - __main__ - INFO - ©╙й╪╣╪ЁЖ ╣╪ЁЖилф╥цВо╦
2025-04-20 18:50:30,736 - __main__ - INFO - ур╣╫╣╪ЁЖ╟╢е╔
2025-04-20 18:50:32,842 - __main__ - INFO - пЭмётз╣╪ЁЖ╟╢е╔ио
2025-04-20 18:50:32,879 - __main__ - INFO - ур╣╫╣╪ЁЖилф╥цВо╦я║оН
2025-04-20 18:50:35,105 - __main__ - INFO - ╣Ц╩Вак╣╪ЁЖилф╥цВо╦я║оН
2025-04-20 18:50:38,341 - __main__ - INFO - мЙЁи╣╪ЁЖилф╥цВо╦╣╪ЁЖ
2025-04-20 18:50:42,628 - __main__ - INFO - ╧╡сп2╦ЖобтьоН
2025-04-20 18:50:42,631 - __main__ - INFO - ряи╬ЁЩря╢Фтз╣днд╪Ч: E:\Development\rjmart\data\сц╩╖1\илф╥цВо╦_сц╩╖1.xlsx
2025-04-20 18:50:44,296 - __main__ - INFO - ряобть: илф╥цВо╦_сц╩╖1
2025-04-20 18:50:44,311 - __main__ - INFO - ряи╬ЁЩря╢Фтз╣днд╪Ч: E:\Development\rjmart\╤╘╣╔цВо╦_сц╩╖1.xlsx
2025-04-20 18:50:45,695 - __main__ - INFO - ряобть: ╤╘╣╔цВо╦_сц╩╖1
2025-04-20 18:50:46,926 - __main__ - INFO - ряи╬ЁЩ: ╤╘╣╔цВо╦-20250420184921
2025-04-20 18:50:48,158 - __main__ - INFO - ряи╬ЁЩ: илф╥цВо╦-20250420184929
2025-04-20 18:50:48,158 - __main__ - INFO - кЫспйЩ╬щ╣╪ЁЖмЙЁи
2025-04-20 18:50:48,158 - __main__ - INFO - сц╩╖ сц╩╖1 йЩ╬щ╣╪ЁЖЁи╧╕
2025-04-20 18:50:48,158 - __main__ - INFO - Д╞ююфВря╧ь╠у
2025-04-20 18:50:50,178 - __main__ - INFO - ©╙й╪╢╕юМсц╩╖ сц╩╖2 ╣дйЩ╬щ╣╪ЁЖ
2025-04-20 18:50:55,102 - __main__ - INFO - сц╩╖ 15295739828 ╣гб╪Ёи╧╕
2025-04-20 18:51:12,444 - __main__ - INFO - хуфз╥╤н╖иХжцЁи╧╕: 2020-01-01 жа 2025-04-19
2025-04-20 18:51:12,444 - __main__ - INFO - ©╙й╪╣╪ЁЖ ╣╪ЁЖ╤╘╣╔цВо╦
2025-04-20 18:51:12,459 - __main__ - INFO - ур╣╫╣╪ЁЖ╟╢е╔
2025-04-20 18:51:14,565 - __main__ - INFO - пЭмётз╣╪ЁЖ╟╢е╔ио
2025-04-20 18:51:14,603 - __main__ - INFO - ур╣╫╣╪ЁЖ╤╘╣╔цВо╦я║оН
2025-04-20 18:51:16,845 - __main__ - INFO - ╣Ц╩Вак╣╪ЁЖ╤╘╣╔цВо╦я║оН
2025-04-20 18:51:20,091 - __main__ - INFO - мЙЁи╣╪ЁЖ╤╘╣╔цВо╦╣╪ЁЖ
2025-04-20 18:51:20,093 - __main__ - INFO - ©╙й╪╣╪ЁЖ ╣╪ЁЖилф╥цВо╦
2025-04-20 18:51:20,113 - __main__ - INFO - ур╣╫╣╪ЁЖ╟╢е╔
2025-04-20 18:51:22,219 - __main__ - INFO - пЭмётз╣╪ЁЖ╟╢е╔ио
2025-04-20 18:51:22,257 - __main__ - INFO - ур╣╫╣╪ЁЖилф╥цВо╦я║оН
2025-04-20 18:51:24,481 - __main__ - INFO - ╣Ц╩Вак╣╪ЁЖилф╥цВо╦я║оН
2025-04-20 18:51:27,726 - __main__ - INFO - мЙЁи╣╪ЁЖилф╥цВо╦╣╪ЁЖ
2025-04-20 18:51:32,021 - __main__ - INFO - ╧╡сп2╦ЖобтьоН
2025-04-20 18:51:32,023 - __main__ - INFO - ряи╬ЁЩря╢Фтз╣днд╪Ч: E:\Development\rjmart\илф╥цВо╦_сц╩╖2.xlsx
2025-04-20 18:51:33,548 - __main__ - INFO - ряобть: илф╥цВо╦_сц╩╖2
2025-04-20 18:51:33,569 - __main__ - INFO - ряи╬ЁЩря╢Фтз╣днд╪Ч: E:\Development\rjmart\╤╘╣╔цВо╦_сц╩╖2.xlsx
2025-04-20 18:51:34,954 - __main__ - INFO - ряобть: ╤╘╣╔цВо╦_сц╩╖2
2025-04-20 18:51:36,202 - __main__ - INFO - ряи╬ЁЩ: ╤╘╣╔цВо╦-20250420185010
2025-04-20 18:51:37,433 - __main__ - INFO - ряи╬ЁЩ: илф╥цВо╦-20250420185018
2025-04-20 18:51:37,434 - __main__ - INFO - кЫспйЩ╬щ╣╪ЁЖмЙЁи
2025-04-20 18:51:37,435 - __main__ - INFO - сц╩╖ сц╩╖2 йЩ╬щ╣╪ЁЖЁи╧╕
2025-04-20 18:51:37,435 - __main__ - INFO - Д╞ююфВря╧ь╠у
2025-04-20 18:51:39,435 - __main__ - INFO - ╢╕юМмЙЁи: Ёи╧╕ 2 ╦Ж, й╖╟э 0 ╦Ж
2025-04-20 18:54:02,402 - __main__ - INFO - ©╙й╪╢╕юМсц╩╖ сц╩╖1 ╣дйЩ╬щ╣╪ЁЖ
2025-04-20 18:54:07,560 - __main__ - INFO - сц╩╖ 18598594216 ╣гб╪Ёи╧╕
2025-04-20 18:54:24,898 - __main__ - INFO - хуфз╥╤н╖иХжцЁи╧╕: 2020-01-01 жа 2025-04-19
2025-04-20 18:54:24,898 - __main__ - INFO - ©╙й╪╣╪ЁЖ ╣╪ЁЖ╤╘╣╔цВо╦
2025-04-20 18:54:24,913 - __main__ - INFO - ур╣╫╣╪ЁЖ╟╢е╔
2025-04-20 18:54:27,020 - __main__ - INFO - пЭмётз╣╪ЁЖ╟╢е╔ио
2025-04-20 18:54:27,059 - __main__ - INFO - ур╣╫╣╪ЁЖ╤╘╣╔цВо╦я║оН
2025-04-20 18:54:29,299 - __main__ - INFO - ╣Ц╩Вак╣╪ЁЖ╤╘╣╔цВо╦я║оН
2025-04-20 18:54:32,546 - __main__ - INFO - мЙЁи╣╪ЁЖ╤╘╣╔цВо╦╣╪ЁЖ
2025-04-20 18:54:32,546 - __main__ - INFO - ©╙й╪╣╪ЁЖ ╣╪ЁЖилф╥цВо╦
2025-04-20 18:54:32,560 - __main__ - INFO - ур╣╫╣╪ЁЖ╟╢е╔
2025-04-20 18:54:34,666 - __main__ - INFO - пЭмётз╣╪ЁЖ╟╢е╔ио
2025-04-20 18:54:34,709 - __main__ - INFO - ур╣╫╣╪ЁЖилф╥цВо╦я║оН
2025-04-20 18:54:36,949 - __main__ - INFO - ╣Ц╩Вак╣╪ЁЖилф╥цВо╦я║оН
2025-04-20 18:54:40,208 - __main__ - INFO - мЙЁи╣╪ЁЖилф╥цВо╦╣╪ЁЖ
2025-04-20 18:54:44,503 - __main__ - INFO - ╧╡сп2╦ЖобтьоН
2025-04-20 18:54:44,504 - __main__ - INFO - сц╩╖обтьд©б╪: E:\Development\rjmart\data\сц╩╖1\сц╩╖1
2025-04-20 18:54:46,150 - __main__ - INFO - ряобть: илф╥цВо╦_сц╩╖1 ╣╫ E:\Development\rjmart\data\сц╩╖1\сц╩╖1
2025-04-20 18:54:47,555 - __main__ - INFO - ряобть: ╤╘╣╔цВо╦_сц╩╖1 ╣╫ E:\Development\rjmart\data\сц╩╖1\сц╩╖1
2025-04-20 18:54:48,796 - __main__ - INFO - ряи╬ЁЩ╪гб╪: ╤╘╣╔цВо╦-20250420185323
2025-04-20 18:54:50,033 - __main__ - INFO - ряи╬ЁЩ╪гб╪: илф╥цВо╦-20250420185331
2025-04-20 18:54:50,033 - __main__ - INFO - кЫспйЩ╬щ╣╪ЁЖмЙЁи
2025-04-20 18:54:50,034 - __main__ - INFO - сц╩╖ сц╩╖1 йЩ╬щ╣╪ЁЖЁи╧╕
2025-04-20 18:54:50,034 - __main__ - INFO - Д╞ююфВря╧ь╠у
2025-04-20 18:54:52,042 - __main__ - INFO - ©╙й╪╢╕юМсц╩╖ сц╩╖2 ╣дйЩ╬щ╣╪ЁЖ
2025-04-20 18:54:57,434 - __main__ - INFO - сц╩╖ 15295739828 ╣гб╪Ёи╧╕
2025-04-20 18:55:14,770 - __main__ - INFO - хуфз╥╤н╖иХжцЁи╧╕: 2020-01-01 жа 2025-04-19
2025-04-20 18:55:14,770 - __main__ - INFO - ©╙й╪╣╪ЁЖ ╣╪ЁЖ╤╘╣╔цВо╦
2025-04-20 18:55:14,786 - __main__ - INFO - ур╣╫╣╪ЁЖ╟╢е╔
2025-04-20 18:55:16,892 - __main__ - INFO - пЭмётз╣╪ЁЖ╟╢е╔ио
2025-04-20 18:55:16,931 - __main__ - INFO - ур╣╫╣╪ЁЖ╤╘╣╔цВо╦я║оН
2025-04-20 18:55:19,179 - __main__ - INFO - ╣Ц╩Вак╣╪ЁЖ╤╘╣╔цВо╦я║оН
2025-04-20 18:55:22,434 - __main__ - INFO - мЙЁи╣╪ЁЖ╤╘╣╔цВо╦╣╪ЁЖ
2025-04-20 18:55:22,435 - __main__ - INFO - ©╙й╪╣╪ЁЖ ╣╪ЁЖилф╥цВо╦
2025-04-20 18:55:22,453 - __main__ - INFO - ур╣╫╣╪ЁЖ╟╢е╔
2025-04-20 18:55:24,559 - __main__ - INFO - пЭмётз╣╪ЁЖ╟╢е╔ио
2025-04-20 18:55:24,599 - __main__ - INFO - ур╣╫╣╪ЁЖилф╥цВо╦я║оН
2025-04-20 18:55:26,832 - __main__ - INFO - ╣Ц╩Вак╣╪ЁЖилф╥цВо╦я║оН
2025-04-20 18:55:30,077 - __main__ - INFO - мЙЁи╣╪ЁЖилф╥цВо╦╣╪ЁЖ
2025-04-20 18:55:34,378 - __main__ - INFO - ╧╡сп2╦ЖобтьоН
2025-04-20 18:55:34,378 - __main__ - INFO - сц╩╖обтьд©б╪: E:\Development\rjmart\сц╩╖2
2025-04-20 18:55:35,975 - __main__ - INFO - ряобть: илф╥цВо╦_сц╩╖2 ╣╫ E:\Development\rjmart\сц╩╖2
2025-04-20 18:55:37,457 - __main__ - INFO - ряобть: ╤╘╣╔цВо╦_сц╩╖2 ╣╫ E:\Development\rjmart\сц╩╖2
2025-04-20 18:55:38,701 - __main__ - INFO - ряи╬ЁЩ╪гб╪: ╤╘╣╔цВо╦-20250420185413
2025-04-20 18:55:39,944 - __main__ - INFO - ряи╬ЁЩ╪гб╪: илф╥цВо╦-20250420185420
2025-04-20 18:55:39,944 - __main__ - INFO - кЫспйЩ╬щ╣╪ЁЖмЙЁи
2025-04-20 18:55:39,944 - __main__ - INFO - сц╩╖ сц╩╖2 йЩ╬щ╣╪ЁЖЁи╧╕
2025-04-20 18:55:39,944 - __main__ - INFO - Д╞ююфВря╧ь╠у
2025-04-20 18:55:41,945 - __main__ - INFO - ╢╕юМмЙЁи: Ёи╧╕ 2 ╦Ж, й╖╟э 0 ╦Ж
2025-04-20 18:57:47,668 - __main__ - INFO - ©╙й╪╢╕юМсц╩╖ сц╩╖1 ╣дйЩ╬щ╣╪ЁЖ
2025-04-20 18:57:52,866 - __main__ - INFO - сц╩╖ 18598594216 ╣гб╪Ёи╧╕
2025-04-20 18:57:57,645 - __main__ - ERROR - иХжцхуфз╥╤н╖й╖╟э: н╢ур╣╫©╙й╪хуфзйДхК©Р
2025-04-20 18:57:57,645 - __main__ - INFO - Д╞ююфВря╧ь╠у
2025-04-20 18:57:59,676 - __main__ - INFO - ©╙й╪╢╕юМсц╩╖ сц╩╖2 ╣дйЩ╬щ╣╪ЁЖ
2025-04-20 18:58:04,832 - __main__ - INFO - сц╩╖ 15295739828 ╣гб╪Ёи╧╕
2025-04-20 18:58:08,175 - __main__ - ERROR - иХжцхуфз╥╤н╖й╖╟э: н╢ур╣╫©╙й╪хуфзйДхК©Р
2025-04-20 18:58:08,175 - __main__ - INFO - Д╞ююфВря╧ь╠у
2025-04-20 18:58:10,175 - __main__ - INFO - ╢╕юМмЙЁи: Ёи╧╕ 0 ╦Ж, й╖╟э 2 ╦Ж
2025-04-20 18:59:59,581 - __main__ - INFO - ©╙й╪╢╕юМсц╩╖ сц╩╖1 ╣дйЩ╬щ╣╪ЁЖ
2025-04-20 19:00:06,398 - __main__ - INFO - сц╩╖ 18598594216 ╣гб╪Ёи╧╕
2025-04-20 19:00:23,739 - __main__ - INFO - хуфз╥╤н╖иХжцЁи╧╕: 2020-01-01 жа 2025-04-19
2025-04-20 19:00:23,739 - __main__ - INFO - ©╙й╪╣╪ЁЖ ╣╪ЁЖ╤╘╣╔цВо╦
2025-04-20 19:00:23,754 - __main__ - INFO - ур╣╫╣╪ЁЖ╟╢е╔
2025-04-20 19:00:25,861 - __main__ - INFO - пЭмётз╣╪ЁЖ╟╢е╔ио
2025-04-20 19:00:25,922 - __main__ - INFO - ур╣╫╣╪ЁЖ╤╘╣╔цВо╦я║оН
2025-04-20 19:00:28,163 - __main__ - INFO - ╣Ц╩Вак╣╪ЁЖ╤╘╣╔цВо╦я║оН
2025-04-20 19:00:31,416 - __main__ - INFO - мЙЁи╣╪ЁЖ╤╘╣╔цВо╦╣╪ЁЖ
2025-04-20 19:00:31,416 - __main__ - INFO - ©╙й╪╣╪ЁЖ ╣╪ЁЖилф╥цВо╦
2025-04-20 19:00:31,432 - __main__ - INFO - ур╣╫╣╪ЁЖ╟╢е╔
2025-04-20 19:00:33,539 - __main__ - INFO - пЭмётз╣╪ЁЖ╟╢е╔ио
2025-04-20 19:00:33,578 - __main__ - INFO - ур╣╫╣╪ЁЖилф╥цВо╦я║оН
2025-04-20 19:00:35,804 - __main__ - INFO - ╣Ц╩Вак╣╪ЁЖилф╥цВо╦я║оН
2025-04-20 19:00:39,051 - __main__ - INFO - мЙЁи╣╪ЁЖилф╥цВо╦╣╪ЁЖ
2025-04-20 19:00:43,352 - __main__ - INFO - ╧╡сп2╦ЖобтьоН
2025-04-20 19:00:43,352 - __main__ - INFO - сц╩╖обтьд©б╪: E:\Development\rjmart\data\сц╩╖1\сц╩╖1
2025-04-20 19:00:45,040 - __main__ - INFO - ряобть: илф╥цВо╦_сц╩╖1 ╣╫ E:\Development\rjmart\data\сц╩╖1\сц╩╖1
2025-04-20 19:00:46,439 - __main__ - INFO - ряобть: ╤╘╣╔цВо╦_сц╩╖1 ╣╫ E:\Development\rjmart\data\сц╩╖1\сц╩╖1
2025-04-20 19:00:47,668 - __main__ - INFO - ряи╬ЁЩ╪гб╪: ╤╘╣╔цВо╦-20250420185922
2025-04-20 19:00:48,898 - __main__ - INFO - ряи╬ЁЩ╪гб╪: илф╥цВо╦-20250420185930
2025-04-20 19:00:48,898 - __main__ - INFO - кЫспйЩ╬щ╣╪ЁЖмЙЁи
2025-04-20 19:00:48,898 - __main__ - INFO - сц╩╖ сц╩╖1 йЩ╬щ╣╪ЁЖЁи╧╕
2025-04-20 19:00:48,898 - __main__ - INFO - Д╞ююфВря╧ь╠у
2025-04-20 19:00:50,941 - __main__ - INFO - ©╙й╪╢╕юМсц╩╖ сц╩╖2 ╣дйЩ╬щ╣╪ЁЖ
2025-04-20 19:00:56,743 - __main__ - INFO - сц╩╖ 15295739828 ╣гб╪Ёи╧╕
2025-04-20 19:01:14,065 - __main__ - INFO - хуфз╥╤н╖иХжцЁи╧╕: 2020-01-01 жа 2025-04-19
2025-04-20 19:01:14,066 - __main__ - INFO - ©╙й╪╣╪ЁЖ ╣╪ЁЖ╤╘╣╔цВо╦
2025-04-20 19:01:14,081 - __main__ - INFO - ур╣╫╣╪ЁЖ╟╢е╔
2025-04-20 19:01:16,187 - __main__ - INFO - пЭмётз╣╪ЁЖ╟╢е╔ио
2025-04-20 19:01:26,203 - __main__ - ERROR - ╣╪ЁЖйЩ╬щй╖╟э: н╢ур╣╫╣╪ЁЖ╤╘╣╔цВо╦я║оН
2025-04-20 19:01:26,203 - __main__ - INFO - Д╞ююфВря╧ь╠у
2025-04-20 19:01:28,203 - __main__ - INFO - ╢╕юМмЙЁи: Ёи╧╕ 1 ╦Ж, й╖╟э 1 ╦Ж
2025-04-20 19:05:55,270 - __main__ - INFO - ©╙й╪╢╕юМсц╩╖ сц╩╖1 ╣дйЩ╬щ╣╪ЁЖ
2025-04-20 19:06:01,377 - __main__ - INFO - сц╩╖ 18598594216 ╣гб╪Ёи╧╕
2025-04-20 19:06:05,973 - __main__ - ERROR - иХжцхуфз╥╤н╖й╖╟э: н╢ур╣╫©╙й╪хуфзйДхК©Р
2025-04-20 19:06:07,012 - __main__ - INFO - Д╞ююфВря╧ь╠у
2025-04-20 19:06:09,872 - __main__ - INFO - ©╙й╪╢╕юМсц╩╖ сц╩╖2 ╣дйЩ╬щ╣╪ЁЖ
2025-04-20 19:06:15,218 - __main__ - INFO - сц╩╖ 15295739828 ╣гб╪Ёи╧╕
2025-04-20 19:06:19,881 - __main__ - ERROR - иХжцхуфз╥╤н╖й╖╟э: н╢ур╣╫©╙й╪хуфзйДхК©Р
2025-04-20 19:06:20,932 - __main__ - INFO - Д╞ююфВря╧ь╠у
2025-04-20 19:06:22,933 - __main__ - INFO - ╢╕юМмЙЁи: Ёи╧╕ 0 ╦Ж, й╖╟э 2 ╦Ж
2025-04-20 19:07:03,745 - __main__ - INFO - ©╙й╪╢╕юМсц╩╖ сц╩╖1 ╣дйЩ╬щ╣╪ЁЖ
2025-04-20 19:07:09,057 - __main__ - INFO - сц╩╖ 18598594216 ╣гб╪Ёи╧╕
2025-04-20 19:07:11,291 - __main__ - INFO - Д╞ююфВря╧ь╠у
2025-04-20 19:07:15,794 - __main__ - INFO - ©╙й╪╢╕юМсц╩╖ сц╩╖1 ╣дйЩ╬щ╣╪ЁЖ
2025-04-20 19:07:22,451 - __main__ - INFO - сц╩╖ 18598594216 ╣гб╪Ёи╧╕
2025-04-20 19:07:39,814 - __main__ - INFO - хуфз╥╤н╖иХжцЁи╧╕: 2020-01-01 жа 2025-04-19
2025-04-20 19:07:39,814 - __main__ - INFO - ©╙й╪╣╪ЁЖ ╣╪ЁЖ╤╘╣╔цВо╦
2025-04-20 19:07:39,838 - __main__ - INFO - ур╣╫╣╪ЁЖ╟╢е╔
2025-04-20 19:07:41,944 - __main__ - INFO - пЭмётз╣╪ЁЖ╟╢е╔ио
2025-04-20 19:07:42,000 - __main__ - INFO - ур╣╫╣╪ЁЖ╤╘╣╔цВо╦я║оН
2025-04-20 19:07:44,251 - __main__ - INFO - ╣Ц╩Вак╣╪ЁЖ╤╘╣╔цВо╦я║оН
2025-04-20 19:07:47,497 - __main__ - INFO - мЙЁи╣╪ЁЖ╤╘╣╔цВо╦╣╪ЁЖ
2025-04-20 19:07:47,497 - __main__ - INFO - ©╙й╪╣╪ЁЖ ╣╪ЁЖилф╥цВо╦
2025-04-20 19:07:47,513 - __main__ - INFO - ур╣╫╣╪ЁЖ╟╢е╔
2025-04-20 19:07:49,620 - __main__ - INFO - пЭмётз╣╪ЁЖ╟╢е╔ио
2025-04-20 19:07:49,667 - __main__ - INFO - ур╣╫╣╪ЁЖилф╥цВо╦я║оН
2025-04-20 19:07:51,896 - __main__ - INFO - ╣Ц╩Вак╣╪ЁЖилф╥цВо╦я║оН
2025-04-20 19:07:55,161 - __main__ - INFO - мЙЁи╣╪ЁЖилф╥цВо╦╣╪ЁЖ
2025-04-20 19:07:59,490 - __main__ - INFO - ╧╡сп2╦ЖобтьоН
2025-04-20 19:08:01,158 - __main__ - INFO - ряобть: илф╥цВо╦_сц╩╖1 ╣╫ data\сц╩╖1
2025-04-20 19:08:02,575 - __main__ - INFO - ряобть: ╤╘╣╔цВо╦_сц╩╖1 ╣╫ data\сц╩╖1
2025-04-20 19:08:03,828 - __main__ - INFO - ряи╬ЁЩ╪гб╪: ╤╘╣╔цВо╦-20250420190638
2025-04-20 19:08:05,072 - __main__ - INFO - ряи╬ЁЩ╪гб╪: илф╥цВо╦-20250420190646
2025-04-20 19:08:05,073 - __main__ - INFO - кЫспйЩ╬щ╣╪ЁЖмЙЁи
2025-04-20 19:08:05,075 - __main__ - INFO - сц╩╖ сц╩╖1 йЩ╬щ╣╪ЁЖЁи╧╕
2025-04-20 19:08:06,113 - __main__ - INFO - Д╞ююфВря╧ь╠у
2025-04-20 19:08:09,011 - __main__ - INFO - ©╙й╪╢╕юМсц╩╖ сц╩╖2 ╣дйЩ╬щ╣╪ЁЖ
2025-04-20 19:08:14,475 - __main__ - INFO - сц╩╖ 15295739828 ╣гб╪Ёи╧╕
2025-04-20 19:08:14,475 - __main__ - ERROR - иХжцхуфз╥╤н╖й╖╟э: 
сКрЁцФ╣да╛╫сря╤о©╙║ё
╟Ф╠╬: 4.1.0.18
2025-04-20 19:08:15,437 - __main__ - INFO - Д╞ююфВря╧ь╠у
2025-04-20 19:08:17,437 - __main__ - INFO - ╢╕юМмЙЁи: Ёи╧╕ 1 ╦Ж, й╖╟э 1 ╦Ж
2025-04-20 19:10:49,880 - __main__ - INFO - ©╙й╪╢╕юМ╣з 1/2 ╦Жук╩╖: сц╩╖1
2025-04-20 19:10:49,888 - __main__ - INFO - ря╦Эпбсц╩╖пео╒: сц╩╖1, обтьб╥╬╤: data\сц╩╖1
2025-04-20 19:10:49,889 - __main__ - INFO - ©╙й╪╢╕юМсц╩╖ сц╩╖1 ╣дйЩ╬щ╣╪ЁЖ
2025-04-20 19:10:55,259 - __main__ - INFO - сц╩╖ 18598594216 ╣гб╪Ёи╧╕
2025-04-20 19:11:00,086 - __main__ - ERROR - иХжцхуфз╥╤н╖й╖╟э: 
сКрЁцФ╣да╛╫сря╤о©╙║ё
╟Ф╠╬: 4.1.0.18
2025-04-20 19:11:00,482 - __main__ - INFO - Д╞ююфВря╧ь╠у
2025-04-20 19:11:03,351 - __main__ - INFO - ©╙й╪╢╕юМ╣з 1/2 ╦Жук╩╖: сц╩╖1
2025-04-20 19:11:03,356 - __main__ - INFO - ря╦Эпбсц╩╖пео╒: сц╩╖1, обтьб╥╬╤: data\сц╩╖1
2025-04-20 19:11:03,357 - __main__ - INFO - ©╙й╪╢╕юМсц╩╖ сц╩╖1 ╣дйЩ╬щ╣╪ЁЖ
2025-04-20 19:11:10,082 - __main__ - INFO - сц╩╖ 18598594216 ╣гб╪Ёи╧╕
2025-04-20 19:11:27,409 - __main__ - INFO - хуфз╥╤н╖иХжцЁи╧╕: 2020-01-01 жа 2025-04-19
2025-04-20 19:11:27,410 - __main__ - INFO - ©╙й╪╣╪ЁЖ ╣╪ЁЖ╤╘╣╔цВо╦
2025-04-20 19:11:27,425 - __main__ - INFO - ур╣╫╣╪ЁЖ╟╢е╔
2025-04-20 19:11:29,531 - __main__ - INFO - пЭмётз╣╪ЁЖ╟╢е╔ио
2025-04-20 19:11:29,571 - __main__ - INFO - ур╣╫╣╪ЁЖ╤╘╣╔цВо╦я║оН
2025-04-20 19:11:31,811 - __main__ - INFO - ╣Ц╩Вак╣╪ЁЖ╤╘╣╔цВо╦я║оН
2025-04-20 19:11:35,052 - __main__ - INFO - мЙЁи╣╪ЁЖ╤╘╣╔цВо╦╣╪ЁЖ
2025-04-20 19:11:35,052 - __main__ - INFO - ©╙й╪╣╪ЁЖ ╣╪ЁЖилф╥цВо╦
2025-04-20 19:11:35,075 - __main__ - INFO - ур╣╫╣╪ЁЖ╟╢е╔
2025-04-20 19:11:37,182 - __main__ - INFO - пЭмётз╣╪ЁЖ╟╢е╔ио
2025-04-20 19:11:37,215 - __main__ - INFO - ур╣╫╣╪ЁЖилф╥цВо╦я║оН
2025-04-20 19:11:39,441 - __main__ - INFO - ╣Ц╩Вак╣╪ЁЖилф╥цВо╦я║оН
2025-04-20 19:11:42,685 - __main__ - INFO - мЙЁи╣╪ЁЖилф╥цВо╦╣╪ЁЖ
2025-04-20 19:11:46,979 - __main__ - INFO - ╧╡сп2╦ЖобтьоН
2025-04-20 19:11:48,608 - __main__ - INFO - ряобть: илф╥цВо╦_сц╩╖1 ╣╫ data\сц╩╖1
2025-04-20 19:11:49,997 - __main__ - INFO - ряобть: ╤╘╣╔цВо╦_сц╩╖1 ╣╫ data\сц╩╖1
2025-04-20 19:11:51,233 - __main__ - INFO - ряи╬ЁЩ╪гб╪: ╤╘╣╔цВо╦-20250420191026
2025-04-20 19:11:52,467 - __main__ - INFO - ряи╬ЁЩ╪гб╪: илф╥цВо╦-20250420191033
2025-04-20 19:11:52,467 - __main__ - INFO - кЫспйЩ╬щ╣╪ЁЖмЙЁи
2025-04-20 19:11:52,467 - __main__ - INFO - сц╩╖ сц╩╖1 йЩ╬щ╣╪ЁЖЁи╧╕
2025-04-20 19:11:54,469 - __main__ - INFO - ©╙й╪╢╕юМ╣з 2/2 ╦Жук╩╖: сц╩╖2
2025-04-20 19:11:54,471 - __main__ - INFO - ря╦Эпбсц╩╖пео╒: сц╩╖2, обтьб╥╬╤: data\сц╩╖2
2025-04-20 19:11:54,471 - __main__ - INFO - ©╙й╪╢╕юМсц╩╖ сц╩╖2 ╣дйЩ╬щ╣╪ЁЖ
2025-04-20 19:11:54,504 - __main__ - INFO - ря╧ь╠уиор╩╦Ж╠Йг╘рЁ
2025-04-20 19:12:00,667 - __main__ - INFO - сц╩╖ 15295739828 ╣гб╪Ёи╧╕
2025-04-20 19:12:18,025 - __main__ - INFO - хуфз╥╤н╖иХжцЁи╧╕: 2020-01-01 жа 2025-04-19
2025-04-20 19:12:18,025 - __main__ - INFO - ©╙й╪╣╪ЁЖ ╣╪ЁЖ╤╘╣╔цВо╦
2025-04-20 19:12:18,041 - __main__ - INFO - ур╣╫╣╪ЁЖ╟╢е╔
2025-04-20 19:12:20,148 - __main__ - INFO - пЭмётз╣╪ЁЖ╟╢е╔ио
2025-04-20 19:12:20,188 - __main__ - INFO - ур╣╫╣╪ЁЖ╤╘╣╔цВо╦я║оН
2025-04-20 19:12:22,425 - __main__ - INFO - ╣Ц╩Вак╣╪ЁЖ╤╘╣╔цВо╦я║оН
2025-04-20 19:12:25,667 - __main__ - INFO - мЙЁи╣╪ЁЖ╤╘╣╔цВо╦╣╪ЁЖ
2025-04-20 19:12:25,667 - __main__ - INFO - ©╙й╪╣╪ЁЖ ╣╪ЁЖилф╥цВо╦
2025-04-20 19:12:25,679 - __main__ - INFO - ур╣╫╣╪ЁЖ╟╢е╔
2025-04-20 19:12:27,784 - __main__ - INFO - пЭмётз╣╪ЁЖ╟╢е╔ио
2025-04-20 19:12:27,839 - __main__ - INFO - ур╣╫╣╪ЁЖилф╥цВо╦я║оН
2025-04-20 19:12:30,081 - __main__ - INFO - ╣Ц╩Вак╣╪ЁЖилф╥цВо╦я║оН
2025-04-20 19:12:33,334 - __main__ - INFO - мЙЁи╣╪ЁЖилф╥цВо╦╣╪ЁЖ
2025-04-20 19:12:37,666 - __main__ - INFO - ╧╡сп2╦ЖобтьоН
2025-04-20 19:12:39,199 - __main__ - INFO - ряобть: илф╥цВо╦_сц╩╖2 ╣╫ data\сц╩╖2
2025-04-20 19:12:40,678 - __main__ - INFO - ряобть: ╤╘╣╔цВо╦_сц╩╖2 ╣╫ data\сц╩╖2
2025-04-20 19:12:41,914 - __main__ - INFO - ряи╬ЁЩ╪гб╪: ╤╘╣╔цВо╦-20250420191116
2025-04-20 19:12:43,158 - __main__ - INFO - ряи╬ЁЩ╪гб╪: илф╥цВо╦-20250420191124
2025-04-20 19:12:43,158 - __main__ - INFO - кЫспйЩ╬щ╣╪ЁЖмЙЁи
2025-04-20 19:12:43,158 - __main__ - INFO - сц╩╖ сц╩╖2 йЩ╬щ╣╪ЁЖЁи╧╕
2025-04-20 19:12:45,159 - __main__ - INFO - ╢╕юМмЙЁи: Ёи╧╕ 2 ╦Ж, й╖╟э 0 ╦Ж
2025-04-20 19:12:46,208 - __main__ - INFO - Д╞ююфВря╧ь╠у
2025-04-20 19:14:49,402 - __main__ - ERROR - ЁлпРж╢ппЁЖ╢М: 'ChromiumOptions' object has no attribute 'set_headless'
2025-04-20 19:14:49,403 - __main__ - INFO - ЁлпР╫АйЬ
2025-04-20 19:15:26,794 - __main__ - ERROR - ЁлпРж╢ппЁЖ╢М: ChromiumOptions.set_pref() missing 1 required positional argument: 'value'
2025-04-20 19:15:26,794 - __main__ - INFO - ЁлпР╫АйЬ
2025-04-20 19:15:46,157 - __main__ - ERROR - ЁлпРж╢ппЁЖ╢М: ChromiumOptions.set_pref() missing 1 required positional argument: 'value'
2025-04-20 19:15:46,158 - __main__ - INFO - ЁлпР╫АйЬ
2025-04-20 19:16:18,174 - __main__ - ERROR - ЁлпРж╢ппЁЖ╢М: 'ChromiumOptions' object has no attribute 'set_headless'
2025-04-20 19:16:18,175 - __main__ - INFO - ЁлпР╫АйЬ
2025-04-20 19:16:30,595 - __main__ - INFO - ЁУй╪╩╞нчм╥Д╞ююфВё╛обтьб╥╬╤: data\сц╩╖1
2025-04-20 19:16:31,390 - __main__ - INFO - ©╙й╪╢╕юМ╣з 1/2 ╦Жук╩╖: сц╩╖1
2025-04-20 19:16:31,425 - __main__ - INFO - ря╦Эпбсц╩╖пео╒: сц╩╖1, обтьб╥╬╤: data\сц╩╖1
2025-04-20 19:16:31,425 - __main__ - INFO - ©╙й╪╢╕юМсц╩╖ сц╩╖1 ╣дйЩ╬щ╣╪ЁЖ
2025-04-20 19:16:32,606 - __main__ - ERROR - ╣гб╪й╖╟э: 'TabWaiter' object has no attribute 'load_complete'
2025-04-20 19:16:34,607 - __main__ - INFO - ©╙й╪╢╕юМ╣з 2/2 ╦Жук╩╖: сц╩╖2
2025-04-20 19:16:34,608 - __main__ - INFO - ря╦Эпбсц╩╖пео╒: сц╩╖2, обтьб╥╬╤: data\сц╩╖2
2025-04-20 19:16:34,608 - __main__ - INFO - ©╙й╪╢╕юМсц╩╖ сц╩╖2 ╣дйЩ╬щ╣╪ЁЖ
2025-04-20 19:16:34,629 - __main__ - INFO - ря╧ь╠уиор╩╦Ж╠Йг╘рЁ
2025-04-20 19:16:35,651 - __main__ - ERROR - ╣гб╪й╖╟э: 'TabWaiter' object has no attribute 'load_complete'
2025-04-20 19:16:37,652 - __main__ - INFO - ╢╕юМмЙЁи: Ёи╧╕ 0 ╦Ж, й╖╟э 2 ╦Ж
2025-04-20 19:16:38,691 - __main__ - INFO - Д╞ююфВря╧ь╠у
2025-04-20 19:16:38,691 - __main__ - INFO - ЁлпР╫АйЬ
2025-04-20 19:17:03,109 - __main__ - INFO - ©╙й╪╢╕юМсц╩╖ сц╩╖1 ╣дйЩ╬щ╣╪ЁЖ
2025-04-20 19:17:10,470 - __main__ - INFO - сц╩╖ 18598594216 ╣гб╪Ёи╧╕
2025-04-20 19:17:27,052 - __main__ - ERROR - иХжцхуфз╥╤н╖й╖╟э: 
сКрЁцФ╣да╛╫сря╤о©╙║ё
╟Ф╠╬: 4.1.0.18
2025-04-20 19:17:28,094 - __main__ - INFO - Д╞ююфВря╧ь╠у
2025-04-20 19:17:30,991 - __main__ - INFO - ©╙й╪╢╕юМсц╩╖ сц╩╖2 ╣дйЩ╬щ╣╪ЁЖ
2025-04-20 19:18:03,239 - __main__ - ERROR - ╣гб╪й╖╟э: 
сКрЁцФ╣да╛╫сря╤о©╙║ё
╟Ф╠╬: 4.1.0.18
2025-04-20 19:18:03,239 - __main__ - INFO - Д╞ююфВря╧ь╠у
2025-04-20 19:18:05,240 - __main__ - INFO - ╢╕юМмЙЁи: Ёи╧╕ 0 ╦Ж, й╖╟э 2 ╦Ж
2025-04-20 19:18:34,042 - __main__ - INFO - ©╙й╪╢╕юМ╣з 1/2 ╦Жук╩╖: сц╩╖1
2025-04-20 19:18:34,054 - __main__ - INFO - ря╦Эпбсц╩╖пео╒: сц╩╖1, обтьб╥╬╤: data\сц╩╖1
2025-04-20 19:18:34,055 - __main__ - INFO - ©╙й╪╢╕юМсц╩╖ сц╩╖1 ╣дйЩ╬щ╣╪ЁЖ
2025-04-20 19:18:39,467 - __main__ - INFO - сц╩╖ 18598594216 ╣гб╪Ёи╧╕
2025-04-20 19:18:44,156 - __main__ - ERROR - иХжцхуфз╥╤н╖й╖╟э: н╢ур╣╫©╙й╪хуфзйДхК©Р
2025-04-20 19:18:46,157 - __main__ - INFO - ©╙й╪╢╕юМ╣з 2/2 ╦Жук╩╖: сц╩╖2
2025-04-20 19:18:46,158 - __main__ - INFO - ря╦Эпбсц╩╖пео╒: сц╩╖2, обтьб╥╬╤: data\сц╩╖2
2025-04-20 19:18:46,158 - __main__ - INFO - ©╙й╪╢╕юМсц╩╖ сц╩╖2 ╣дйЩ╬щ╣╪ЁЖ
2025-04-20 19:18:46,190 - __main__ - INFO - ря╧ь╠уиор╩╦Ж╠Йг╘рЁ
2025-04-20 19:18:52,247 - __main__ - INFO - сц╩╖ 15295739828 ╣гб╪Ёи╧╕
2025-04-20 19:19:09,620 - __main__ - INFO - хуфз╥╤н╖иХжцЁи╧╕: 2020-01-01 жа 2025-04-19
2025-04-20 19:19:09,620 - __main__ - INFO - ©╙й╪╣╪ЁЖ ╣╪ЁЖ╤╘╣╔цВо╦
2025-04-20 19:19:09,640 - __main__ - INFO - ур╣╫╣╪ЁЖ╟╢е╔
2025-04-20 19:19:11,747 - __main__ - INFO - пЭмётз╣╪ЁЖ╟╢е╔ио
2025-04-20 19:19:12,929 - __main__ - ERROR - ╣╪ЁЖйЩ╬щй╖╟э: 
сКрЁцФ╣да╛╫сря╤о©╙║ё
╟Ф╠╬: 4.1.0.18
2025-04-20 19:19:14,929 - __main__ - INFO - ╢╕юМмЙЁи: Ёи╧╕ 0 ╦Ж, й╖╟э 2 ╦Ж
2025-04-20 19:19:14,929 - __main__ - INFO - Д╞ююфВря╧ь╠у
2025-04-20 19:19:14,929 - __main__ - INFO - ЁлпР╫АйЬ
2025-04-20 19:19:18,406 - __main__ - INFO - ©╙й╪╢╕юМ╣з 1/2 ╦Жук╩╖: сц╩╖1
2025-04-20 19:19:18,414 - __main__ - INFO - ря╦Эпбсц╩╖пео╒: сц╩╖1, обтьб╥╬╤: data\сц╩╖1
2025-04-20 19:19:18,414 - __main__ - INFO - ©╙й╪╢╕юМсц╩╖ сц╩╖1 ╣дйЩ╬щ╣╪ЁЖ
2025-04-20 19:19:25,096 - __main__ - INFO - сц╩╖ 18598594216 ╣гб╪Ёи╧╕
2025-04-20 19:19:42,445 - __main__ - INFO - хуфз╥╤н╖иХжцЁи╧╕: 2020-01-01 жа 2025-04-19
2025-04-20 19:19:42,445 - __main__ - INFO - ©╙й╪╣╪ЁЖ ╣╪ЁЖ╤╘╣╔цВо╦
2025-04-20 19:19:42,460 - __main__ - INFO - ур╣╫╣╪ЁЖ╟╢е╔
2025-04-20 19:19:44,567 - __main__ - INFO - пЭмётз╣╪ЁЖ╟╢е╔ио
2025-04-20 19:19:44,618 - __main__ - INFO - ур╣╫╣╪ЁЖ╤╘╣╔цВо╦я║оН
2025-04-20 19:19:46,876 - __main__ - INFO - ╣Ц╩Вак╣╪ЁЖ╤╘╣╔цВо╦я║оН
2025-04-20 19:19:50,125 - __main__ - INFO - мЙЁи╣╪ЁЖ╤╘╣╔цВо╦╣╪ЁЖ
2025-04-20 19:19:50,125 - __main__ - INFO - ©╙й╪╣╪ЁЖ ╣╪ЁЖилф╥цВо╦
2025-04-20 19:19:50,139 - __main__ - INFO - ур╣╫╣╪ЁЖ╟╢е╔
2025-04-20 19:19:52,248 - __main__ - INFO - пЭмётз╣╪ЁЖ╟╢е╔ио
2025-04-20 19:19:52,289 - __main__ - INFO - ур╣╫╣╪ЁЖилф╥цВо╦я║оН
2025-04-20 19:19:54,517 - __main__ - INFO - ╣Ц╩Вак╣╪ЁЖилф╥цВо╦я║оН
2025-04-20 19:19:57,785 - __main__ - INFO - мЙЁи╣╪ЁЖилф╥цВо╦╣╪ЁЖ
2025-04-20 19:20:02,081 - __main__ - INFO - ╧╡сп2╦ЖобтьоН
2025-04-20 19:20:02,082 - __main__ - INFO - сц╩╖обтьд©б╪: E:\Development\rjmart\data\сц╩╖1\сц╩╖1
2025-04-20 19:20:03,751 - __main__ - INFO - ряобть: илф╥цВо╦_сц╩╖1 ╣╫ E:\Development\rjmart\data\сц╩╖1\сц╩╖1
2025-04-20 19:20:05,170 - __main__ - INFO - ряобть: ╤╘╣╔цВо╦_сц╩╖1 ╣╫ E:\Development\rjmart\data\сц╩╖1\сц╩╖1
2025-04-20 19:20:06,408 - __main__ - INFO - ряи╬ЁЩ╪гб╪: ╤╘╣╔цВо╦-20250420191841
2025-04-20 19:20:07,650 - __main__ - INFO - ряи╬ЁЩ╪гб╪: илф╥цВо╦-20250420191848
2025-04-20 19:20:07,650 - __main__ - INFO - кЫспйЩ╬щ╣╪ЁЖмЙЁи
2025-04-20 19:20:07,651 - __main__ - INFO - сц╩╖ сц╩╖1 йЩ╬щ╣╪ЁЖЁи╧╕
2025-04-20 19:20:09,652 - __main__ - INFO - ©╙й╪╢╕юМ╣з 2/2 ╦Жук╩╖: сц╩╖2
2025-04-20 19:20:09,654 - __main__ - INFO - ря╦Эпбсц╩╖пео╒: сц╩╖2, обтьб╥╬╤: data\сц╩╖2
2025-04-20 19:20:09,654 - __main__ - INFO - ©╙й╪╢╕юМсц╩╖ сц╩╖2 ╣дйЩ╬щ╣╪ЁЖ
2025-04-20 19:20:09,676 - __main__ - INFO - ря╧ь╠уиор╩╦Ж╠Йг╘рЁ
2025-04-20 19:20:15,733 - __main__ - INFO - сц╩╖ 15295739828 ╣гб╪Ёи╧╕
2025-04-20 19:20:19,102 - __main__ - ERROR - иХжцхуфз╥╤н╖й╖╟э: н╢ур╣╫©╙й╪хуфзйДхК©Р
2025-04-20 19:20:21,103 - __main__ - INFO - ╢╕юМмЙЁи: Ёи╧╕ 1 ╦Ж, й╖╟э 1 ╦Ж
2025-04-20 19:20:22,158 - __main__ - INFO - Д╞ююфВря╧ь╠у
2025-04-20 19:20:22,158 - __main__ - INFO - ЁлпР╫АйЬ
2025-04-20 19:21:16,889 - __main__ - ERROR - ЁлпРж╢ппЁЖ╢М: 'ChromiumOptions' object has no attribute 'set_headless'
2025-04-20 19:21:16,889 - __main__ - INFO - ЁлпР╫АйЬ
2025-04-20 19:21:55,577 - __main__ - INFO - ЁУй╪╩╞нчм╥Д╞ююфВё╛обтьб╥╬╤: data\сц╩╖1
2025-04-20 19:21:56,379 - __main__ - INFO - ©╙й╪╢╕юМ╣з 1/2 ╦Жук╩╖: сц╩╖1
2025-04-20 19:21:56,390 - __main__ - INFO - ря╦Эпбсц╩╖пео╒: сц╩╖1, обтьб╥╬╤: data\сц╩╖1
2025-04-20 19:21:56,390 - __main__ - INFO - ©╙й╪╢╕юМсц╩╖ сц╩╖1 ╣дйЩ╬щ╣╪ЁЖ
2025-04-20 19:22:02,969 - __main__ - INFO - сц╩╖ 18598594216 ╣гб╪Ёи╧╕
2025-04-20 19:22:20,321 - __main__ - INFO - хуфз╥╤н╖иХжцЁи╧╕: 2020-01-01 жа 2025-04-19
2025-04-20 19:22:20,321 - __main__ - INFO - ©╙й╪╣╪ЁЖ ╣╪ЁЖ╤╘╣╔цВо╦
2025-04-20 19:22:20,335 - __main__ - INFO - ур╣╫╣╪ЁЖ╟╢е╔
2025-04-20 19:22:22,441 - __main__ - INFO - пЭмётз╣╪ЁЖ╟╢е╔ио
2025-04-20 19:22:22,479 - __main__ - INFO - ур╣╫╣╪ЁЖ╤╘╣╔цВо╦я║оН
2025-04-20 19:22:24,723 - __main__ - INFO - ╣Ц╩Вак╣╪ЁЖ╤╘╣╔цВо╦я║оН
2025-04-20 19:22:27,973 - __main__ - INFO - мЙЁи╣╪ЁЖ╤╘╣╔цВо╦╣╪ЁЖ
2025-04-20 19:22:27,973 - __main__ - INFO - ©╙й╪╣╪ЁЖ ╣╪ЁЖилф╥цВо╦
2025-04-20 19:22:27,987 - __main__ - INFO - ур╣╫╣╪ЁЖ╟╢е╔
2025-04-20 19:22:30,093 - __main__ - INFO - пЭмётз╣╪ЁЖ╟╢е╔ио
2025-04-20 19:22:30,134 - __main__ - INFO - ур╣╫╣╪ЁЖилф╥цВо╦я║оН
2025-04-20 19:22:32,362 - __main__ - INFO - ╣Ц╩Вак╣╪ЁЖилф╥цВо╦я║оН
2025-04-20 19:22:35,610 - __main__ - INFO - мЙЁи╣╪ЁЖилф╥цВо╦╣╪ЁЖ
2025-04-20 19:22:42,883 - __main__ - ERROR - ╢╕юМобтьоНй╠ЁЖ╢М: 'TabWaiter' object has no attribute 'eles_present'
2025-04-20 19:22:42,883 - __main__ - ERROR - ╣╪ЁЖйЩ╬щй╖╟э: 'TabWaiter' object has no attribute 'eles_present'
2025-04-20 19:22:44,884 - __main__ - INFO - ©╙й╪╢╕юМ╣з 2/2 ╦Жук╩╖: сц╩╖2
2025-04-20 19:22:44,886 - __main__ - INFO - ря╦Эпбсц╩╖пео╒: сц╩╖2, обтьб╥╬╤: data\сц╩╖2
2025-04-20 19:22:44,886 - __main__ - INFO - ©╙й╪╢╕юМсц╩╖ сц╩╖2 ╣дйЩ╬щ╣╪ЁЖ
2025-04-20 19:22:44,907 - __main__ - INFO - ря╧ь╠уиор╩╦Ж╠Йг╘рЁ
2025-04-20 19:22:50,883 - __main__ - INFO - сц╩╖ 15295739828 ╣гб╪Ёи╧╕
2025-04-20 19:23:08,229 - __main__ - INFO - хуфз╥╤н╖иХжцЁи╧╕: 2020-01-01 жа 2025-04-19
2025-04-20 19:23:08,229 - __main__ - INFO - ©╙й╪╣╪ЁЖ ╣╪ЁЖ╤╘╣╔цВо╦
2025-04-20 19:23:08,246 - __main__ - INFO - ур╣╫╣╪ЁЖ╟╢е╔
2025-04-20 19:23:10,352 - __main__ - INFO - пЭмётз╣╪ЁЖ╟╢е╔ио
2025-04-20 19:23:10,386 - __main__ - INFO - ур╣╫╣╪ЁЖ╤╘╣╔цВо╦я║оН
2025-04-20 19:23:12,628 - __main__ - INFO - ╣Ц╩Вак╣╪ЁЖ╤╘╣╔цВо╦я║оН
2025-04-20 19:23:15,868 - __main__ - INFO - мЙЁи╣╪ЁЖ╤╘╣╔цВо╦╣╪ЁЖ
2025-04-20 19:23:15,868 - __main__ - INFO - ©╙й╪╣╪ЁЖ ╣╪ЁЖилф╥цВо╦
2025-04-20 19:23:15,880 - __main__ - INFO - ур╣╫╣╪ЁЖ╟╢е╔
2025-04-20 19:23:17,986 - __main__ - INFO - пЭмётз╣╪ЁЖ╟╢е╔ио
2025-04-20 19:23:18,023 - __main__ - INFO - ур╣╫╣╪ЁЖилф╥цВо╦я║оН
2025-04-20 19:23:20,247 - __main__ - INFO - ╣Ц╩Вак╣╪ЁЖилф╥цВо╦я║оН
2025-04-20 19:23:23,494 - __main__ - INFO - мЙЁи╣╪ЁЖилф╥цВо╦╣╪ЁЖ
2025-04-20 19:23:30,762 - __main__ - ERROR - ╢╕юМобтьоНй╠ЁЖ╢М: 'TabWaiter' object has no attribute 'eles_present'
2025-04-20 19:23:30,762 - __main__ - ERROR - ╣╪ЁЖйЩ╬щй╖╟э: 'TabWaiter' object has no attribute 'eles_present'
2025-04-20 19:23:32,762 - __main__ - INFO - ╢╕юМмЙЁи: Ёи╧╕ 0 ╦Ж, й╖╟э 2 ╦Ж
2025-04-20 19:23:33,803 - __main__ - INFO - Д╞ююфВря╧ь╠у
2025-04-20 19:23:33,803 - __main__ - INFO - ЁлпР╫АйЬ
2025-04-20 19:24:04,406 - __main__ - ERROR - ЁлпРж╢ппЁЖ╢М: 'ChromiumOptions' object has no attribute 'set_headless'
2025-04-20 19:24:04,406 - __main__ - INFO - ЁлпР╫АйЬ
2025-04-20 19:24:18,015 - __main__ - INFO - ЁУй╪╩╞нчм╥Д╞ююфВё╛обтьб╥╬╤: data\сц╩╖1
2025-04-20 19:24:18,844 - __main__ - INFO - ©╙й╪╢╕юМ╣з 1/2 ╦Жук╩╖: сц╩╖1
2025-04-20 19:24:18,849 - __main__ - INFO - ря╦Эпбсц╩╖пео╒: сц╩╖1, обтьб╥╬╤: data\сц╩╖1
2025-04-20 19:24:18,850 - __main__ - INFO - ©╙й╪╢╕юМсц╩╖ сц╩╖1 ╣дйЩ╬щ╣╪ЁЖ
2025-04-20 19:24:23,837 - __main__ - INFO - сц╩╖ 18598594216 ╣гб╪Ёи╧╕
2025-04-20 19:24:41,195 - __main__ - INFO - хуфз╥╤н╖иХжцЁи╧╕: 2020-01-01 жа 2025-04-19
2025-04-20 19:24:41,195 - __main__ - INFO - ©╙й╪╣╪ЁЖ ╣╪ЁЖ╤╘╣╔цВо╦
2025-04-20 19:24:41,210 - __main__ - INFO - ур╣╫╣╪ЁЖ╟╢е╔
2025-04-20 19:24:43,318 - __main__ - INFO - пЭмётз╣╪ЁЖ╟╢е╔ио
2025-04-20 19:24:43,351 - __main__ - INFO - ур╣╫╣╪ЁЖ╤╘╣╔цВо╦я║оН
2025-04-20 19:24:45,592 - __main__ - INFO - ╣Ц╩Вак╣╪ЁЖ╤╘╣╔цВо╦я║оН
2025-04-20 19:24:48,829 - __main__ - INFO - мЙЁи╣╪ЁЖ╤╘╣╔цВо╦╣╪ЁЖ
2025-04-20 19:24:48,829 - __main__ - INFO - ©╙й╪╣╪ЁЖ ╣╪ЁЖилф╥цВо╦
2025-04-20 19:24:48,843 - __main__ - INFO - ур╣╫╣╪ЁЖ╟╢е╔
2025-04-20 19:24:50,949 - __main__ - INFO - пЭмётз╣╪ЁЖ╟╢е╔ио
2025-04-20 19:24:50,990 - __main__ - INFO - ур╣╫╣╪ЁЖилф╥цВо╦я║оН
2025-04-20 19:24:53,228 - __main__ - INFO - ╣Ц╩Вак╣╪ЁЖилф╥цВо╦я║оН
2025-04-20 19:24:56,466 - __main__ - INFO - мЙЁи╣╪ЁЖилф╥цВо╦╣╪ЁЖ
2025-04-20 19:25:03,772 - __main__ - INFO - ╧╡сп4╦ЖобтьоН
2025-04-20 19:25:05,431 - __main__ - INFO - ряобть: илф╥цВо╦_сц╩╖1 ╣╫ data\сц╩╖1
2025-04-20 19:25:06,838 - __main__ - INFO - ряобть: ╤╘╣╔цВо╦_сц╩╖1 ╣╫ data\сц╩╖1
2025-04-20 19:25:08,087 - __main__ - INFO - ряи╬ЁЩ╪гб╪: ╤╘╣╔цВо╦-20250420192118
2025-04-20 19:25:09,319 - __main__ - INFO - ряи╬ЁЩ╪гб╪: илф╥цВо╦-20250420192126
2025-04-20 19:25:10,552 - __main__ - INFO - ряи╬ЁЩ╪гб╪: ╤╘╣╔цВо╦-20250420192339
2025-04-20 19:25:11,781 - __main__ - INFO - ряи╬ЁЩ╪гб╪: илф╥цВо╦-20250420192347
2025-04-20 19:25:11,781 - __main__ - INFO - кЫспйЩ╬щ╣╪ЁЖмЙЁи
2025-04-20 19:25:11,782 - __main__ - INFO - сц╩╖ сц╩╖1 йЩ╬щ╣╪ЁЖЁи╧╕
2025-04-20 19:25:13,782 - __main__ - INFO - ©╙й╪╢╕юМ╣з 2/2 ╦Жук╩╖: сц╩╖2
2025-04-20 19:25:13,785 - __main__ - INFO - ря╦Эпбсц╩╖пео╒: сц╩╖2, обтьб╥╬╤: data\сц╩╖2
2025-04-20 19:25:13,786 - __main__ - INFO - ©╙й╪╢╕юМсц╩╖ сц╩╖2 ╣дйЩ╬щ╣╪ЁЖ
2025-04-20 19:25:13,809 - __main__ - INFO - ря╧ь╠уиор╩╦Ж╠Йг╘рЁ
2025-04-20 19:25:19,835 - __main__ - INFO - сц╩╖ 15295739828 ╣гб╪Ёи╧╕
2025-04-20 19:25:37,160 - __main__ - INFO - хуфз╥╤н╖иХжцЁи╧╕: 2020-01-01 жа 2025-04-19
2025-04-20 19:25:37,160 - __main__ - INFO - ©╙й╪╣╪ЁЖ ╣╪ЁЖ╤╘╣╔цВо╦
2025-04-20 19:25:37,176 - __main__ - INFO - ур╣╫╣╪ЁЖ╟╢е╔
2025-04-20 19:25:39,282 - __main__ - INFO - пЭмётз╣╪ЁЖ╟╢е╔ио
2025-04-20 19:25:39,321 - __main__ - INFO - ур╣╫╣╪ЁЖ╤╘╣╔цВо╦я║оН
2025-04-20 19:25:41,568 - __main__ - INFO - ╣Ц╩Вак╣╪ЁЖ╤╘╣╔цВо╦я║оН
2025-04-20 19:25:44,817 - __main__ - INFO - мЙЁи╣╪ЁЖ╤╘╣╔цВо╦╣╪ЁЖ
2025-04-20 19:25:44,817 - __main__ - INFO - ©╙й╪╣╪ЁЖ ╣╪ЁЖилф╥цВо╦
2025-04-20 19:25:44,829 - __main__ - INFO - ур╣╫╣╪ЁЖ╟╢е╔
2025-04-20 19:25:46,936 - __main__ - INFO - пЭмётз╣╪ЁЖ╟╢е╔ио
2025-04-20 19:25:46,978 - __main__ - INFO - ур╣╫╣╪ЁЖилф╥цВо╦я║оН
2025-04-20 19:25:49,209 - __main__ - INFO - ╣Ц╩Вак╣╪ЁЖилф╥цВо╦я║оН
2025-04-20 19:25:52,451 - __main__ - INFO - мЙЁи╣╪ЁЖилф╥цВо╦╣╪ЁЖ
2025-04-20 19:25:59,741 - __main__ - INFO - ╧╡сп4╦ЖобтьоН
2025-04-20 19:26:01,288 - __main__ - INFO - ряобть: илф╥цВо╦_сц╩╖2 ╣╫ data\сц╩╖2
2025-04-20 19:26:02,694 - __main__ - INFO - ряобть: ╤╘╣╔цВо╦_сц╩╖2 ╣╫ data\сц╩╖2
2025-04-20 19:26:03,943 - __main__ - INFO - ряи╬ЁЩ╪гб╪: ╤╘╣╔цВо╦-20250420192206
2025-04-20 19:26:05,179 - __main__ - INFO - ряи╬ЁЩ╪гб╪: илф╥цВо╦-20250420192214
2025-04-20 19:26:06,409 - __main__ - INFO - ряи╬ЁЩ╪гб╪: ╤╘╣╔цВо╦-20250420192435
2025-04-20 19:26:07,649 - __main__ - INFO - ряи╬ЁЩ╪гб╪: илф╥цВо╦-20250420192443
2025-04-20 19:26:07,649 - __main__ - INFO - кЫспйЩ╬щ╣╪ЁЖмЙЁи
2025-04-20 19:26:07,649 - __main__ - INFO - сц╩╖ сц╩╖2 йЩ╬щ╣╪ЁЖЁи╧╕
2025-04-20 19:26:09,651 - __main__ - INFO - ╢╕юМмЙЁи: Ёи╧╕ 2 ╦Ж, й╖╟э 0 ╦Ж
2025-04-20 19:26:10,531 - __main__ - INFO - Д╞ююфВря╧ь╠у
2025-04-20 19:26:10,531 - __main__ - INFO - ЁлпР╫АйЬ
2025-04-20 19:49:48,608 - __main__ - INFO - ЁУй╪╩╞нчм╥Д╞ююфВё╛обтьб╥╬╤: data\сц╩╖1
2025-04-20 19:49:49,390 - __main__ - INFO - ©╙й╪╢╕юМ╣з 1/2 ╦Жук╩╖: сц╩╖1
2025-04-20 19:49:49,423 - __main__ - INFO - ря╦Эпбсц╩╖пео╒: сц╩╖1, обтьб╥╬╤: data\сц╩╖1
2025-04-20 19:49:49,423 - __main__ - INFO - ©╙й╪╢╕юМсц╩╖ сц╩╖1 ╣дйЩ╬щ╣╪ЁЖ
2025-04-20 19:49:54,426 - __main__ - INFO - сц╩╖ 18598594216 ╣гб╪Ёи╧╕
2025-04-20 19:50:11,785 - __main__ - INFO - хуфз╥╤н╖иХжцЁи╧╕: 2020-01-01 жа 2025-04-19
2025-04-20 19:50:11,785 - __main__ - INFO - ©╙й╪╣╪ЁЖ ╣╪ЁЖ╤╘╣╔цВо╦
2025-04-20 19:50:11,800 - __main__ - INFO - ур╣╫╣╪ЁЖ╟╢е╔
2025-04-20 19:50:13,906 - __main__ - INFO - пЭмётз╣╪ЁЖ╟╢е╔ио
2025-04-20 19:50:13,949 - __main__ - INFO - ур╣╫╣╪ЁЖ╤╘╣╔цВо╦я║оН
2025-04-20 19:50:16,187 - __main__ - INFO - ╣Ц╩Вак╣╪ЁЖ╤╘╣╔цВо╦я║оН
2025-04-20 19:50:19,431 - __main__ - INFO - мЙЁи╣╪ЁЖ╤╘╣╔цВо╦╣╪ЁЖ
2025-04-20 19:50:19,431 - __main__ - INFO - ©╙й╪╣╪ЁЖ ╣╪ЁЖилф╥цВо╦
2025-04-20 19:50:19,453 - __main__ - INFO - ур╣╫╣╪ЁЖ╟╢е╔
2025-04-20 19:50:21,560 - __main__ - INFO - пЭмётз╣╪ЁЖ╟╢е╔ио
2025-04-20 19:50:21,606 - __main__ - INFO - ур╣╫╣╪ЁЖилф╥цВо╦я║оН
2025-04-20 19:50:23,846 - __main__ - INFO - ╣Ц╩Вак╣╪ЁЖилф╥цВо╦я║оН
2025-04-20 19:50:27,086 - __main__ - INFO - мЙЁи╣╪ЁЖилф╥цВо╦╣╪ЁЖ
2025-04-20 19:50:34,387 - __main__ - INFO - ╧╡сп2╦ЖобтьоН
2025-04-20 19:50:36,078 - __main__ - INFO - ряобть: илф╥цВо╦_сц╩╖1 ╣╫ data\сц╩╖1
2025-04-20 19:50:37,477 - __main__ - INFO - ряобть: ╤╘╣╔цВо╦_сц╩╖1 ╣╫ data\сц╩╖1
2025-04-20 19:50:38,713 - __main__ - INFO - ряи╬ЁЩ╪гб╪: ╤╘╣╔цВо╦-20250420194910
2025-04-20 19:50:39,944 - __main__ - INFO - ряи╬ЁЩ╪гб╪: илф╥цВо╦-20250420194918
2025-04-20 19:50:39,944 - __main__ - INFO - кЫспйЩ╬щ╣╪ЁЖмЙЁи
2025-04-20 19:50:39,944 - __main__ - INFO - сц╩╖ сц╩╖1 йЩ╬щ╣╪ЁЖЁи╧╕
2025-04-20 19:50:39,944 - __main__ - INFO - ©╙й╪╢╕юМ╣з 2/2 ╦Жук╩╖: сц╩╖2
2025-04-20 19:50:39,947 - __main__ - INFO - ря╦Эпбсц╩╖пео╒: сц╩╖2, обтьб╥╬╤: data\сц╩╖2
2025-04-20 19:50:39,947 - __main__ - INFO - ©╙й╪╢╕юМсц╩╖ сц╩╖2 ╣дйЩ╬щ╣╪ЁЖ
2025-04-20 19:50:39,970 - __main__ - INFO - ря╧ь╠уиор╩╦Ж╠Йг╘рЁ
2025-04-20 19:50:46,901 - __main__ - INFO - сц╩╖ *** ╣гб╪Ёи╧╕
2025-04-20 19:50:50,263 - __main__ - ERROR - иХжцхуфз╥╤н╖й╖╟э: н╢ур╣╫©╙й╪хуфзйДхК©Р
2025-04-20 19:50:50,264 - __main__ - INFO - ╢╕юМмЙЁи: Ёи╧╕ 1 ╦Ж, й╖╟э 1 ╦Ж
2025-04-20 19:50:51,301 - __main__ - INFO - Д╞ююфВря╧ь╠у
2025-04-20 19:50:51,301 - __main__ - INFO - ЁлпР╫АйЬ
